{
  "RSpec": {
    "coverage": {
      "/Users/Gnalp/Documents/makers-academy/Projects/boomark-manager/app/bookmark.rb": [
        1,
        null,
        1,
        null,
        1,
        0,
        null,
        null,
        1,
        1,
        null,
        null,
        1,
        null
      ],
      "/Users/Gnalp/Documents/makers-academy/Projects/boomark-manager/spec/css_spec.rb": [
        1,
        null,
        1,
        1,
        1,
        1,
        null,
        null
      ]
    },
    "timestamp": 1500913863
  }
}
