{
  "RSpec": {
    "coverage": {
      "/Users/Gnalp/Documents/makers-academy/Projects/boomark-manager/spec/css_spec.rb": [
        1,
        null,
        1,
        1,
        1,
        1,
        null,
        null
      ],
      "/Users/Gnalp/Documents/makers-academy/Projects/boomark-manager/spec/features/creating_links_spec.rb": [
        1,
        null,
        1,
        1,
        1,
        1,
        1,
        null,
        null,
        1,
        null,
        1,
        1,
        null,
        null,
        null
      ],
      "/Users/Gnalp/Documents/makers-academy/Projects/boomark-manager/spec/features/viewing_links_spec.rb": [
        1,
        null,
        1,
        1,
        null,
        1,
        null,
        1,
        null,
        1,
        1,
        null,
        null,
        null
      ]
    },
    "timestamp": 1501007494
  }
}
